<?xml version="1.0" encoding="UTF-8"?>
<testng-results skipped="0" failed="0" total="2" passed="2">
  <reporter-output>
  </reporter-output>
  <suite name="Default suite" duration-ms="6421" started-at="2020-02-16T16:54:01Z" finished-at="2020-02-16T16:54:07Z">
    <groups>
    </groups>
    <test name="Default test" duration-ms="6421" started-at="2020-02-16T16:54:01Z" finished-at="2020-02-16T16:54:07Z">
      <class name="tests.AddBooksTest">
        <test-method status="PASS" signature="setUp()[pri:0, instance:tests.AddBooksTest@100fc185]" name="setUp" is-config="true" duration-ms="4235" started-at="2020-02-16T11:53:56Z" finished-at="2020-02-16T11:54:01Z">
          <reporter-output>
          </reporter-output>
        </test-method> <!-- setUp -->
        <test-method status="PASS" signature="addBooks()[pri:0, instance:tests.AddBooksTest@100fc185]" name="addBooks" duration-ms="5862" started-at="2020-02-16T11:54:01Z" finished-at="2020-02-16T11:54:07Z">
          <reporter-output>
          </reporter-output>
        </test-method> <!-- addBooks -->
        <test-method status="PASS" signature="login()[pri:0, instance:tests.AddBooksTest@100fc185]" name="login" duration-ms="545" started-at="2020-02-16T11:54:07Z" finished-at="2020-02-16T11:54:07Z">
          <reporter-output>
          </reporter-output>
        </test-method> <!-- login -->
        <test-method status="PASS" signature="tearDown()[pri:0, instance:tests.AddBooksTest@100fc185]" name="tearDown" is-config="true" duration-ms="654" started-at="2020-02-16T11:54:07Z" finished-at="2020-02-16T11:54:08Z">
          <reporter-output>
          </reporter-output>
        </test-method> <!-- tearDown -->
      </class> <!-- tests.AddBooksTest -->
    </test> <!-- Default test -->
  </suite> <!-- Default suite -->
</testng-results>
